#
# A fatal error has been detected by the Java Runtime Environment:
#
#  SIGSEGV (0xb) at pc=0x000000010d0af803, pid=618, tid=0x0000000000004703
#
# JRE version: Java(TM) SE Runtime Environment (8.0_131-b11) (build 1.8.0_131-b11)
# Java VM: Java HotSpot(TM) 64-Bit Server VM (25.131-b11 mixed mode bsd-amd64 compressed oops)
# Problematic frame:
# V  [libjvm.dylib+0x2b3803]  IndexSetIterator::advance_and_next()+0x9f
#
# Failed to write core dump. Core dumps have been disabled. To enable core dumping, try "ulimit -c unlimited" before starting Java again
#
# If you would like to submit a bug report, please visit:
#   http://bugreport.java.com/bugreport/crash.jsp
#

---------------  T H R E A D  ---------------

Current thread (0x00007fb906108800):  JavaThread "C2 CompilerThread1" daemon [_thread_in_native, id=18179, stack(0x0000700007bb1000,0x0000700007cb1000)]

siginfo: si_signo: 11 (SIGSEGV), si_code: 1 (SEGV_MAPERR), si_addr: 0x000020010d6e45b0

Registers:
RAX=0x000020010d6e45b0, RBX=0x0000700007cad5d0, RCX=0x0000000000000000, RDX=0x0000000000000500
RSP=0x0000700007cad590, RBP=0x0000700007cad5b0, RSI=0x000000012c3b2858, RDI=0x0000700007cad5d0
R8 =0x0000000020000000, R9 =0x000000012a9fc001, R10=0x000000010d633210, R11=0x0000000000ba7be8
R12=0x000000010d6e45b0, R13=0x000000012c399010, R14=0x0000000000000005, R15=0x0000000000000500
RIP=0x000000010d0af803, EFLAGS=0x0000000000010293, ERR=0x0000000000000004
  TRAPNO=0x000000000000000e

Top of Stack: (sp=0x0000700007cad590)
0x0000700007cad590:   00000000000013fd 000000012c41aed8
0x0000700007cad5a0:   0000700007cad8d8 0000000000019848
0x0000700007cad5b0:   0000700007cad630 000000010d0ab1e2
0x0000700007cad5c0:   0000700007cad750 00000000000c7e20
0x0000700007cad5d0:   000003ef00000000 0000000000000008
0x0000700007cad5e0:   000020010d6e45b0 0000000100000004
0x0000700007cad5f0:   00007fb906f3f058 00007fb90000003b
0x0000700007cad600:   000000012ca71e30 00000000000013fd
0x0000700007cad610:   0000700007cad730 0000700007cad918
0x0000700007cad620:   0000700007cae5c8 000000010d6e45b0
0x0000700007cad630:   0000700007cad710 000000010cf5ccab
0x0000700007cad640:   0000700007cad670 000000010ced65ad
0x0000700007cad650:   00002e2707cad670 00007fb905ec1840
0x0000700007cad660:   0000700007cae610 000000010d6e45b0
0x0000700007cad670:   0000700007cae4e0 000000010ced65dc
0x0000700007cad680:   0000000000000000 00007fb905ec1840
0x0000700007cad690:   0000700007cad6c0 000000010ced65ad
0x0000700007cad6a0:   0000700007cad6c0 00007fb905ec1840
0x0000700007cad6b0:   0000140200000000 0000000100000008
0x0000700007cad6c0:   00007fb9081780a0 000070000000003b
0x0000700007cad6d0:   00007fb906f3f230 000000010000003b
0x0000700007cad6e0:   000000012ca71ed0 0000700007cae4e0
0x0000700007cad6f0:   0000700007cad730 0000700007cad918
0x0000700007cad700:   0000700007cae5c8 000000010d6e45b0
0x0000700007cad710:   0000700007cada20 000000010cf5dd65
0x0000700007cad720:   0000700007cad750 000000010ce65067
0x0000700007cad730:   000000010d6c6b40 00007fb90000000d
0x0000700007cad740:   0000700007caff80 0000700007cae4e0
0x0000700007cad750:   0000700000000001 00007fb9083af4b0
0x0000700007cad760:   0000000000000200 00007fb9063a3fc0
0x0000700007cad770:   0000000000000a00 0000000000000002
0x0000700007cad780:   0000000000000001 000000000000d9c0 

Instructions: (pc=0x000000010d0af803)
0x000000010d0af7e3:   e9 6e ee ea ff 44 89 f0 48 8b 4b 20 48 8b 04 c1
0x000000010d0af7f3:   4c 39 e0 74 2d 48 89 43 10 31 c9 44 89 fa eb 0c
0x000000010d0af803:   83 3c 88 00 75 bb 83 c2 20 48 ff c1 83 f9 08 72
0x000000010d0af813:   ef 48 8b 7b 30 48 85 ff 74 08 44 89 f6 e8 c7 fe 

Register to memory mapping:

RAX=0x000020010d6e45b0 is an unknown value
RBX=0x0000700007cad5d0 is pointing into the stack for thread: 0x00007fb906108800
RCX=0x0000000000000000 is an unknown value
RDX=0x0000000000000500 is an unknown value
RSP=0x0000700007cad590 is pointing into the stack for thread: 0x00007fb906108800
RBP=0x0000700007cad5b0 is pointing into the stack for thread: 0x00007fb906108800
RSI=0x000000012c3b2858 is an unknown value
RDI=0x0000700007cad5d0 is pointing into the stack for thread: 0x00007fb906108800
R8 =0x0000000020000000 is an unknown value
R9 =0x000000012a9fc001 is an unknown value
R10=0x000000010d633210: _ZL8tc_mutex+0x20 in /Library/Java/JavaVirtualMachines/jdk1.8.0_131.jdk/Contents/Home/jre/lib/server/libjvm.dylib at 0x000000010cdfc000
R11=0x0000000000ba7be8 is an unknown value
R12=0x000000010d6e45b0: _ZN8IndexSet12_empty_blockE+0 in /Library/Java/JavaVirtualMachines/jdk1.8.0_131.jdk/Contents/Home/jre/lib/server/libjvm.dylib at 0x000000010cdfc000
R13=0x000000012c399010 is an unknown value
R14=0x0000000000000005 is an unknown value
R15=0x0000000000000500 is an unknown value


Stack: [0x0000700007bb1000,0x0000700007cb1000],  sp=0x0000700007cad590,  free space=1009k
Native frames: (J=compiled Java code, j=interpreted, Vv=VM code, C=native code)
V  [libjvm.dylib+0x2b3803]  IndexSetIterator::advance_and_next()+0x9f
V  [libjvm.dylib+0x2af1e2]  PhaseIFG::remove_node(unsigned int)+0x98
V  [libjvm.dylib+0x160cab]  PhaseChaitin::Simplify()+0x155
V  [libjvm.dylib+0x161d65]  PhaseChaitin::Register_Allocate()+0x649
V  [libjvm.dylib+0x1af9ca]  Compile::Code_Gen()+0x14e
V  [libjvm.dylib+0x1b3b65]  Compile::Compile(ciEnv*, C2Compiler*, ciMethod*, int, bool, bool, bool)+0x98d
V  [libjvm.dylib+0x150ffe]  C2Compiler::compile_method(ciEnv*, ciMethod*, int)+0xb2
V  [libjvm.dylib+0x1b71f8]  CompileBroker::invoke_compiler_on_method(CompileTask*)+0x5b2
V  [libjvm.dylib+0x1b973f]  CompileBroker::compiler_thread_loop()+0x291
V  [libjvm.dylib+0x56b87f]  JavaThread::thread_main_inner()+0x9b
V  [libjvm.dylib+0x56cf6c]  JavaThread::run()+0x1c2
V  [libjvm.dylib+0x48b376]  java_start(Thread*)+0xf6
C  [libsystem_pthread.dylib+0x39af]  _pthread_body+0xb4
C  [libsystem_pthread.dylib+0x38fb]  _pthread_body+0x0
C  [libsystem_pthread.dylib+0x3101]  thread_start+0xd
C  0x0000000000000000


Current CompileTask:
C2:  14976 2290       4       java.net.URLClassLoader$1::run (5 bytes)


---------------  P R O C E S S  ---------------

Java Threads: ( => current thread )
  0x00007fb907092800 JavaThread "Service Thread" daemon [_thread_blocked, id=19203, stack(0x0000700007db7000,0x0000700007eb7000)]
  0x00007fb905946800 JavaThread "C1 CompilerThread2" daemon [_thread_blocked, id=18691, stack(0x0000700007cb4000,0x0000700007db4000)]
=>0x00007fb906108800 JavaThread "C2 CompilerThread1" daemon [_thread_in_native, id=18179, stack(0x0000700007bb1000,0x0000700007cb1000)]
  0x00007fb9058fb000 JavaThread "C2 CompilerThread0" daemon [_thread_in_native, id=17667, stack(0x0000700007aae000,0x0000700007bae000)]
  0x00007fb906108000 JavaThread "Monitor Ctrl-Break" daemon [_thread_in_native, id=17155, stack(0x00007000079ab000,0x0000700007aab000)]
  0x00007fb905800800 JavaThread "Signal Dispatcher" daemon [_thread_blocked, id=16643, stack(0x00007000078a8000,0x00007000079a8000)]
  0x00007fb905810000 JavaThread "Finalizer" daemon [_thread_blocked, id=12291, stack(0x00007000077a5000,0x00007000078a5000)]
  0x00007fb90680a000 JavaThread "Reference Handler" daemon [_thread_blocked, id=11779, stack(0x00007000076a2000,0x00007000077a2000)]
  0x00007fb905805000 JavaThread "main" [_thread_in_vm, id=3587, stack(0x0000700006f07000,0x0000700007007000)]

Other Threads:
  0x00007fb90600a800 VMThread [stack: 0x000070000759f000,0x000070000769f000] [id=11267]
  0x00007fb9069e4800 WatcherThread [stack: 0x0000700007eba000,0x0000700007fba000] [id=19715]

VM state:not at safepoint (normal execution)

VM Mutex/Monitor currently owned by a thread: None

Heap:
 PSYoungGen      total 76288K, used 63742K [0x000000076ab00000, 0x0000000772280000, 0x00000007c0000000)
  eden space 65536K, 88% used [0x000000076ab00000,0x000000076e3c5e18,0x000000076eb00000)
  from space 10752K, 52% used [0x000000076f580000,0x000000076faf9cf8,0x0000000770000000)
  to   space 10752K, 0% used [0x000000076eb00000,0x000000076eb00000,0x000000076f580000)
 ParOldGen       total 82432K, used 13232K [0x00000006c0000000, 0x00000006c5080000, 0x000000076ab00000)
  object space 82432K, 16% used [0x00000006c0000000,0x00000006c0cec3f0,0x00000006c5080000)
 Metaspace       used 27411K, capacity 27782K, committed 28160K, reserved 1073152K
  class space    used 3384K, capacity 3460K, committed 3584K, reserved 1048576K

Card table byte_map: [0x000000010ebc0000,0x000000010f3c1000] byte_map_base: 0x000000010b5c0000

Marking Bits: (ParMarkBitMap*) 0x000000010d6edea0
 Begin Bits: [0x0000000120a5c000, 0x0000000124a5c000)
 End Bits:   [0x0000000124a5c000, 0x0000000128a5c000)

Polling page: 0x000000010dde2000

CodeCache: size=245760Kb used=9466Kb max_used=9466Kb free=236293Kb
 bounds [0x0000000111a5c000, 0x00000001123ac000, 0x0000000120a5c000]
 total_blobs=2961 nmethods=2587 adapters=287
 compilation: enabled

Compilation events (10 events):
Event: 14.893 Thread 0x00007fb905946800 2791       1       sun.reflect.annotation.AnnotationInvocationHandler::access$000 (5 bytes)
Event: 14.893 Thread 0x00007fb905946800 nmethod 2791 0x0000000112390610 code [0x0000000112390760, 0x0000000112390850]
Event: 14.894 Thread 0x00007fb905946800 2793       2       org.springframework.cglib.core.ReflectUtils$3::getClassInfo (28 bytes)
Event: 14.895 Thread 0x00007fb905946800 nmethod 2793 0x00000001123908d0 code [0x0000000112390a80, 0x0000000112390da8]
Event: 14.895 Thread 0x00007fb905946800 2794       2       org.springframework.cglib.core.ReflectUtils::getClassInfo (35 bytes)
Event: 14.895 Thread 0x00007fb905946800 nmethod 2794 0x0000000112390f50 code [0x00000001123910e0, 0x0000000112391358]
Event: 14.901 Thread 0x00007fb905946800 2795 %     3       java.util.Properties::load0 @ 30 (250 bytes)
Event: 14.902 Thread 0x00007fb905946800 nmethod 2795% 0x0000000112391490 code [0x00000001123916a0, 0x0000000112392178]
Event: 14.911 Thread 0x00007fb905946800 2796       2       java.lang.Thread::getContextClassLoader (32 bytes)
Event: 14.912 Thread 0x00007fb905946800 nmethod 2796 0x0000000112392690 code [0x0000000112392820, 0x0000000112392b38]

GC Heap History (10 events):
Event: 6.697 GC heap before
{Heap before GC invocations=1 (full 0):
 PSYoungGen      total 76288K, used 65536K [0x000000076ab00000, 0x0000000770000000, 0x00000007c0000000)
  eden space 65536K, 100% used [0x000000076ab00000,0x000000076eb00000,0x000000076eb00000)
  from space 10752K, 0% used [0x000000076f580000,0x000000076f580000,0x0000000770000000)
  to   space 10752K, 0% used [0x000000076eb00000,0x000000076eb00000,0x000000076f580000)
 ParOldGen       total 175104K, used 0K [0x00000006c0000000, 0x00000006cab00000, 0x000000076ab00000)
  object space 175104K, 0% used [0x00000006c0000000,0x00000006c0000000,0x00000006cab00000)
 Metaspace       used 11895K, capacity 12034K, committed 12288K, reserved 1060864K
  class space    used 1469K, capacity 1491K, committed 1536K, reserved 1048576K
Event: 6.710 GC heap after
Heap after GC invocations=1 (full 0):
 PSYoungGen      total 76288K, used 10742K [0x000000076ab00000, 0x0000000770000000, 0x00000007c0000000)
  eden space 65536K, 0% used [0x000000076ab00000,0x000000076ab00000,0x000000076eb00000)
  from space 10752K, 99% used [0x000000076eb00000,0x000000076f57db10,0x000000076f580000)
  to   space 10752K, 0% used [0x000000076f580000,0x000000076f580000,0x0000000770000000)
 ParOldGen       total 175104K, used 151K [0x00000006c0000000, 0x00000006cab00000, 0x000000076ab00000)
  object space 175104K, 0% used [0x00000006c0000000,0x00000006c0025f48,0x00000006cab00000)
 Metaspace       used 11895K, capacity 12034K, committed 12288K, reserved 1060864K
  class space    used 1469K, capacity 1491K, committed 1536K, reserved 1048576K
}
Event: 12.290 GC heap before
{Heap before GC invocations=2 (full 0):
 PSYoungGen      total 76288K, used 71771K [0x000000076ab00000, 0x0000000770000000, 0x00000007c0000000)
  eden space 65536K, 93% used [0x000000076ab00000,0x000000076e699160,0x000000076eb00000)
  from space 10752K, 99% used [0x000000076eb00000,0x000000076f57db10,0x000000076f580000)
  to   space 10752K, 0% used [0x000000076f580000,0x000000076f580000,0x0000000770000000)
 ParOldGen       total 175104K, used 151K [0x00000006c0000000, 0x00000006cab00000, 0x000000076ab00000)
  object space 175104K, 0% used [0x00000006c0000000,0x00000006c0025f48,0x00000006cab00000)
 Metaspace       used 20912K, capacity 21176K, committed 21296K, reserved 1069056K
  class space    used 2536K, capacity 2631K, committed 2688K, reserved 1048576K
Event: 12.312 GC heap after
Heap after GC invocations=2 (full 0):
 PSYoungGen      total 76288K, used 10730K [0x000000076ab00000, 0x0000000770000000, 0x00000007c0000000)
  eden space 65536K, 0% used [0x000000076ab00000,0x000000076ab00000,0x000000076eb00000)
  from space 10752K, 99% used [0x000000076f580000,0x000000076fffabe0,0x0000000770000000)
  to   space 10752K, 0% used [0x000000076eb00000,0x000000076eb00000,0x000000076f580000)
 ParOldGen       total 175104K, used 3059K [0x00000006c0000000, 0x00000006cab00000, 0x000000076ab00000)
  object space 175104K, 1% used [0x00000006c0000000,0x00000006c02fcc40,0x00000006cab00000)
 Metaspace       used 20912K, capacity 21176K, committed 21296K, reserved 1069056K
  class space    used 2536K, capacity 2631K, committed 2688K, reserved 1048576K
}
Event: 12.312 GC heap before
{Heap before GC invocations=3 (full 1):
 PSYoungGen      total 76288K, used 10730K [0x000000076ab00000, 0x0000000770000000, 0x00000007c0000000)
  eden space 65536K, 0% used [0x000000076ab00000,0x000000076ab00000,0x000000076eb00000)
  from space 10752K, 99% used [0x000000076f580000,0x000000076fffabe0,0x0000000770000000)
  to   space 10752K, 0% used [0x000000076eb00000,0x000000076eb00000,0x000000076f580000)
 ParOldGen       total 175104K, used 3059K [0x00000006c0000000, 0x00000006cab00000, 0x000000076ab00000)
  object space 175104K, 1% used [0x00000006c0000000,0x00000006c02fcc40,0x00000006cab00000)
 Metaspace       used 20912K, capacity 21176K, committed 21296K, reserved 1069056K
  class space    used 2536K, capacity 2631K, committed 2688K, reserved 1048576K
Event: 12.374 GC heap after
Heap after GC invocations=3 (full 1):
 PSYoungGen      total 76288K, used 0K [0x000000076ab00000, 0x0000000770000000, 0x00000007c0000000)
  eden space 65536K, 0% used [0x000000076ab00000,0x000000076ab00000,0x000000076eb00000)
  from space 10752K, 0% used [0x000000076f580000,0x000000076f580000,0x0000000770000000)
  to   space 10752K, 0% used [0x000000076eb00000,0x000000076eb00000,0x000000076f580000)
 ParOldGen       total 82432K, used 13216K [0x00000006c0000000, 0x00000006c5080000, 0x000000076ab00000)
  object space 82432K, 16% used [0x00000006c0000000,0x00000006c0ce83f0,0x00000006c5080000)
 Metaspace       used 20912K, capacity 21176K, committed 21296K, reserved 1069056K
  class space    used 2536K, capacity 2631K, committed 2688K, reserved 1048576K
}
Event: 13.164 GC heap before
{Heap before GC invocations=4 (full 1):
 PSYoungGen      total 76288K, used 65509K [0x000000076ab00000, 0x0000000770000000, 0x00000007c0000000)
  eden space 65536K, 99% used [0x000000076ab00000,0x000000076eaf9708,0x000000076eb00000)
  from space 10752K, 0% used [0x000000076f580000,0x000000076f580000,0x0000000770000000)
  to   space 10752K, 0% used [0x000000076eb00000,0x000000076eb00000,0x000000076f580000)
 ParOldGen       total 82432K, used 13216K [0x00000006c0000000, 0x00000006c5080000, 0x000000076ab00000)
  object space 82432K, 16% used [0x00000006c0000000,0x00000006c0ce83f0,0x00000006c5080000)
 Metaspace       used 22079K, capacity 22382K, committed 22448K, reserved 1069056K
  class space    used 2673K, capacity 2768K, committed 2816K, reserved 1048576K
Event: 13.171 GC heap after
Heap after GC invocations=4 (full 1):
 PSYoungGen      total 76288K, used 3330K [0x000000076ab00000, 0x0000000770000000, 0x00000007c0000000)
  eden space 65536K, 0% used [0x000000076ab00000,0x000000076ab00000,0x000000076eb00000)
  from space 10752K, 30% used [0x000000076eb00000,0x000000076ee40b40,0x000000076f580000)
  to   space 10752K, 0% used [0x000000076f580000,0x000000076f580000,0x0000000770000000)
 ParOldGen       total 82432K, used 13224K [0x00000006c0000000, 0x00000006c5080000, 0x000000076ab00000)
  object space 82432K, 16% used [0x00000006c0000000,0x00000006c0cea3f0,0x00000006c5080000)
 Metaspace       used 22079K, capacity 22382K, committed 22448K, reserved 1069056K
  class space    used 2673K, capacity 2768K, committed 2816K, reserved 1048576K
}
Event: 14.149 GC heap before
{Heap before GC invocations=5 (full 1):
 PSYoungGen      total 76288K, used 68866K [0x000000076ab00000, 0x0000000770000000, 0x00000007c0000000)
  eden space 65536K, 100% used [0x000000076ab00000,0x000000076eb00000,0x000000076eb00000)
  from space 10752K, 30% used [0x000000076eb00000,0x000000076ee40b40,0x000000076f580000)
  to   space 10752K, 0% used [0x000000076f580000,0x000000076f580000,0x0000000770000000)
 ParOldGen       total 82432K, used 13224K [0x00000006c0000000, 0x00000006c5080000, 0x000000076ab00000)
  object space 82432K, 16% used [0x00000006c0000000,0x00000006c0cea3f0,0x00000006c5080000)
 Metaspace       used 24837K, capacity 25156K, committed 25472K, reserved 1071104K
  class space    used 3033K, capacity 3129K, committed 3200K, reserved 1048576K
Event: 14.159 GC heap after
Heap after GC invocations=5 (full 1):
 PSYoungGen      total 76288K, used 5607K [0x000000076ab00000, 0x0000000772280000, 0x00000007c0000000)
  eden space 65536K, 0% used [0x000000076ab00000,0x000000076ab00000,0x000000076eb00000)
  from space 10752K, 52% used [0x000000076f580000,0x000000076faf9cf8,0x0000000770000000)
  to   space 10752K, 0% used [0x000000076eb00000,0x000000076eb00000,0x000000076f580000)
 ParOldGen       total 82432K, used 13232K [0x00000006c0000000, 0x00000006c5080000, 0x000000076ab00000)
  object space 82432K, 16% used [0x00000006c0000000,0x00000006c0cec3f0,0x00000006c5080000)
 Metaspace       used 24837K, capacity 25156K, committed 25472K, reserved 1071104K
  class space    used 3033K, capacity 3129K, committed 3200K, reserved 1048576K
}

Deoptimization events (10 events):
Event: 13.629 Thread 0x00007fb905805000 Uncommon trap: reason=unstable_if action=reinterpret pc=0x00000001120538f8 method=java.util.LinkedHashMap.get(Ljava/lang/Object;)Ljava/lang/Object; @ 20
Event: 13.629 Thread 0x00007fb905805000 Uncommon trap: reason=unstable_if action=reinterpret pc=0x0000000111bc35b8 method=java.util.LinkedHashMap.afterNodeAccess(Ljava/util/HashMap$Node;)V @ 4
Event: 13.786 Thread 0x00007fb905805000 Uncommon trap: reason=unstable_if action=reinterpret pc=0x0000000111e91674 method=java.util.concurrent.ConcurrentHashMap.putVal(Ljava/lang/Object;Ljava/lang/Object;Z)Ljava/lang/Object; @ 206
Event: 13.831 Thread 0x00007fb905805000 Uncommon trap: reason=unstable_if action=reinterpret pc=0x0000000111baccfc method=java.util.LinkedList.node(I)Ljava/util/LinkedList$Node; @ 49
Event: 14.264 Thread 0x00007fb905805000 Uncommon trap: reason=unstable_if action=reinterpret pc=0x0000000111bfa3d4 method=java.util.Arrays.equals([Ljava/lang/Object;[Ljava/lang/Object;)Z @ 65
Event: 14.626 Thread 0x00007fb905805000 Uncommon trap: reason=unstable_if action=reinterpret pc=0x0000000111f3ae24 method=java.lang.reflect.Method.equals(Ljava/lang/Object;)Z @ 1
Event: 14.648 Thread 0x00007fb905805000 Uncommon trap: reason=unstable_if action=reinterpret pc=0x0000000112209a30 method=org.springframework.asm.Type.getArgumentsAndReturnSizes(Ljava/lang/String;)I @ 88
Event: 14.648 Thread 0x00007fb905805000 Uncommon trap: reason=unstable_if action=reinterpret pc=0x0000000112206820 method=org.springframework.asm.Type.getArgumentTypes(Ljava/lang/String;)[Lorg/springframework/asm/Type; @ 58
Event: 14.650 Thread 0x00007fb905805000 Uncommon trap: reason=unstable_if action=reinterpret pc=0x00000001122acef0 method=org.springframework.asm.Type.getArgumentsAndReturnSizes(Ljava/lang/String;)I @ 88
Event: 14.701 Thread 0x00007fb905805000 Uncommon trap: reason=unstable_if action=reinterpret pc=0x00000001120601cc method=java.util.concurrent.ConcurrentHashMap.get(Ljava/lang/Object;)Ljava/lang/Object; @ 76

Internal exceptions (10 events):
Event: 14.884 Thread 0x00007fb905805000 Exception <a 'java/lang/ClassNotFoundException': org/springframework/boot/autoconfigure/web/ResourcePropertiesCustomizer> (0x000000076dd1d720) thrown at [/Users/java_re/workspace/8-2-build-macosx-x86_64/jdk8u131/8869/hotspot/src/share/vm/classfile/systemD
Event: 14.886 Thread 0x00007fb905805000 Exception <a 'java/lang/ClassNotFoundException': org/springframework/context/ResourceLoaderAwareCustomizer> (0x000000076dd44398) thrown at [/Users/java_re/workspace/8-2-build-macosx-x86_64/jdk8u131/8869/hotspot/src/share/vm/classfile/systemDictionary.cpp,
Event: 14.889 Thread 0x00007fb905805000 Exception <a 'java/lang/ClassNotFoundException': java/lang/ObjectCustomizer> (0x000000076dd993d8) thrown at [/Users/java_re/workspace/8-2-build-macosx-x86_64/jdk8u131/8869/hotspot/src/share/vm/classfile/systemDictionary.cpp, line 210]
Event: 14.890 Thread 0x00007fb905805000 Exception <a 'java/lang/ClassNotFoundException': org/springframework/boot/autoconfigure/web/ErrorMvcAutoConfiguration$DefaultErrorViewResolverConfigurationCustomizer> (0x000000076ddc2de8) thrown at [/Users/java_re/workspace/8-2-build-macosx-x86_64/jdk8u13
Event: 14.891 Thread 0x00007fb905805000 Exception <a 'java/lang/ClassNotFoundException': org/springframework/boot/autoconfigure/web/ErrorMvcAutoConfiguration$DefaultErrorViewResolverConfiguration$$EnhancerBySpringCGLIB$$6781e971Customizer> (0x000000076ddf3d10) thrown at [/Users/java_re/workspac
Event: 14.891 Thread 0x00007fb905805000 Exception <a 'java/lang/ClassNotFoundException': org/springframework/context/annotation/ConfigurationClassEnhancer$EnhancedConfigurationCustomizer> (0x000000076de1c4f8) thrown at [/Users/java_re/workspace/8-2-build-macosx-x86_64/jdk8u131/8869/hotspot/src/
Event: 14.903 Thread 0x00007fb905805000 Exception <a 'java/lang/ClassNotFoundException': java/lang/ObjectCustomizer> (0x000000076df09340) thrown at [/Users/java_re/workspace/8-2-build-macosx-x86_64/jdk8u131/8869/hotspot/src/share/vm/classfile/systemDictionary.cpp, line 210]
Event: 14.903 Thread 0x00007fb905805000 Exception <a 'java/lang/ClassNotFoundException': org/springframework/boot/autoconfigure/web/DefaultErrorViewResolverCustomizer> (0x000000076df28e60) thrown at [/Users/java_re/workspace/8-2-build-macosx-x86_64/jdk8u131/8869/hotspot/src/share/vm/classfile/s
Event: 14.904 Thread 0x00007fb905805000 Exception <a 'java/lang/ClassNotFoundException': org/springframework/boot/autoconfigure/web/ErrorViewResolverCustomizer> (0x000000076df4a648) thrown at [/Users/java_re/workspace/8-2-build-macosx-x86_64/jdk8u131/8869/hotspot/src/share/vm/classfile/systemDi
Event: 14.905 Thread 0x00007fb905805000 Exception <a 'java/lang/ClassNotFoundException': org/springframework/core/OrderedCustomizer> (0x000000076df5fa18) thrown at [/Users/java_re/workspace/8-2-build-macosx-x86_64/jdk8u131/8869/hotspot/src/share/vm/classfile/systemDictionary.cpp, line 210]

Events (10 events):
Event: 14.912 loading class org/springframework/beans/propertyeditors/CustomNumberEditor
Event: 14.912 loading class org/springframework/beans/propertyeditors/CustomNumberEditor done
Event: 14.913 loading class org/springframework/beans/propertyeditors/StringArrayPropertyEditor
Event: 14.913 loading class org/springframework/beans/propertyeditors/StringArrayPropertyEditor done
Event: 14.914 loading class org/springframework/core/CollectionFactory
Event: 14.914 loading class org/springframework/core/CollectionFactory done
Event: 14.914 loading class org/springframework/core/CollectionFactory$1
Event: 14.914 loading class org/springframework/core/CollectionFactory$1 done
Event: 14.915 loading class org/springframework/core/convert/TypeDescriptor$StreamDelegate
Event: 14.915 loading class org/springframework/core/convert/TypeDescriptor$StreamDelegate done


Dynamic libraries:
0x0000000026f58000 	/System/Library/Frameworks/Cocoa.framework/Versions/A/Cocoa
0x0000000026f58000 	/System/Library/Frameworks/Security.framework/Versions/A/Security
0x0000000026f58000 	/System/Library/Frameworks/ApplicationServices.framework/Versions/A/ApplicationServices
0x0000000026f58000 	/usr/lib/libz.1.dylib
0x0000000026f58000 	/usr/lib/libSystem.B.dylib
0x0000000026f58000 	/usr/lib/libobjc.A.dylib
0x0000000026f58000 	/System/Library/Frameworks/CoreFoundation.framework/Versions/A/CoreFoundation
0x0000000026f58000 	/System/Library/Frameworks/Foundation.framework/Versions/C/Foundation
0x0000000026f58000 	/System/Library/Frameworks/AppKit.framework/Versions/C/AppKit
0x0000000026f58000 	/System/Library/Frameworks/CoreData.framework/Versions/A/CoreData
0x0000000026f58000 	/System/Library/PrivateFrameworks/RemoteViewServices.framework/Versions/A/RemoteViewServices
0x0000000026f58000 	/System/Library/PrivateFrameworks/UIFoundation.framework/Versions/A/UIFoundation
0x0000000026f58000 	/System/Library/PrivateFrameworks/DFRFoundation.framework/Versions/A/DFRFoundation
0x0000000026f58000 	/usr/lib/libenergytrace.dylib
0x0000000026f58000 	/System/Library/PrivateFrameworks/SkyLight.framework/Versions/A/SkyLight
0x0000000026f58000 	/System/Library/Frameworks/CoreGraphics.framework/Versions/A/CoreGraphics
0x0000000026f58000 	/usr/lib/libScreenReader.dylib
0x0000000026f58000 	/System/Library/Frameworks/Accelerate.framework/Versions/A/Accelerate
0x0000000026f58000 	/System/Library/Frameworks/IOSurface.framework/Versions/A/IOSurface
0x0000000026f58000 	/System/Library/Frameworks/AudioToolbox.framework/Versions/A/AudioToolbox
0x0000000026f58000 	/System/Library/Frameworks/AudioUnit.framework/Versions/A/AudioUnit
0x0000000026f58000 	/System/Library/PrivateFrameworks/DataDetectorsCore.framework/Versions/A/DataDetectorsCore
0x0000000026f58000 	/System/Library/PrivateFrameworks/DesktopServicesPriv.framework/Versions/A/DesktopServicesPriv
0x0000000026f58000 	/System/Library/Frameworks/Carbon.framework/Versions/A/Frameworks/HIToolbox.framework/Versions/A/HIToolbox
0x0000000026f58000 	/usr/lib/libicucore.A.dylib
0x0000000026f58000 	/System/Library/Frameworks/QuartzCore.framework/Versions/A/QuartzCore
0x0000000026f58000 	/System/Library/Frameworks/Carbon.framework/Versions/A/Frameworks/SpeechRecognition.framework/Versions/A/SpeechRecognition
0x0000000026f58000 	/usr/lib/libauto.dylib
0x0000000026f58000 	/usr/lib/libxml2.2.dylib
0x0000000026f58000 	/System/Library/PrivateFrameworks/CoreUI.framework/Versions/A/CoreUI
0x0000000026f58000 	/System/Library/Frameworks/CoreAudio.framework/Versions/A/CoreAudio
0x0000000026f58000 	/System/Library/Frameworks/DiskArbitration.framework/Versions/A/DiskArbitration
0x0000000026f58000 	/usr/lib/liblangid.dylib
0x0000000026f58000 	/System/Library/PrivateFrameworks/MultitouchSupport.framework/Versions/A/MultitouchSupport
0x0000000026f58000 	/System/Library/Frameworks/IOKit.framework/Versions/A/IOKit
0x0000000026f58000 	/usr/lib/libDiagnosticMessagesClient.dylib
0x0000000026f58000 	/System/Library/Frameworks/CoreServices.framework/Versions/A/CoreServices
0x0000000026f58000 	/System/Library/PrivateFrameworks/PerformanceAnalysis.framework/Versions/A/PerformanceAnalysis
0x0000000026f58000 	/System/Library/PrivateFrameworks/GenerationalStorage.framework/Versions/A/GenerationalStorage
0x0000000026f58000 	/System/Library/Frameworks/OpenGL.framework/Versions/A/OpenGL
0x0000000026f58000 	/System/Library/Frameworks/CoreImage.framework/Versions/A/CoreImage
0x0000000026f58000 	/System/Library/Frameworks/CoreText.framework/Versions/A/CoreText
0x0000000026f58000 	/System/Library/Frameworks/ImageIO.framework/Versions/A/ImageIO
0x0000000026f58000 	/System/Library/PrivateFrameworks/Backup.framework/Versions/A/Backup
0x0000000026f58000 	/usr/lib/libarchive.2.dylib
0x0000000026f58000 	/System/Library/Frameworks/CFNetwork.framework/Versions/A/CFNetwork
0x0000000026f58000 	/System/Library/Frameworks/SystemConfiguration.framework/Versions/A/SystemConfiguration
0x0000000026f58000 	/usr/lib/libCRFSuite.dylib
0x0000000026f58000 	/usr/lib/libc++.1.dylib
0x0000000026f58000 	/usr/lib/libc++abi.dylib
0x0000000026f58000 	/usr/lib/system/libcache.dylib
0x0000000026f58000 	/usr/lib/system/libcommonCrypto.dylib
0x0000000026f58000 	/usr/lib/system/libcompiler_rt.dylib
0x0000000026f58000 	/usr/lib/system/libcopyfile.dylib
0x0000000026f58000 	/usr/lib/system/libcorecrypto.dylib
0x0000000026f58000 	/usr/lib/system/libdispatch.dylib
0x0000000026f58000 	/usr/lib/system/libdyld.dylib
0x0000000026f58000 	/usr/lib/system/libkeymgr.dylib
0x0000000026f58000 	/usr/lib/system/liblaunch.dylib
0x0000000026f58000 	/usr/lib/system/libmacho.dylib
0x0000000026f58000 	/usr/lib/system/libquarantine.dylib
0x0000000026f58000 	/usr/lib/system/libremovefile.dylib
0x0000000026f58000 	/usr/lib/system/libsystem_asl.dylib
0x0000000026f58000 	/usr/lib/system/libsystem_blocks.dylib
0x0000000026f58000 	/usr/lib/system/libsystem_c.dylib
0x0000000026f58000 	/usr/lib/system/libsystem_configuration.dylib
0x0000000026f58000 	/usr/lib/system/libsystem_coreservices.dylib
0x0000000026f58000 	/usr/lib/system/libsystem_coretls.dylib
0x0000000026f58000 	/usr/lib/system/libsystem_dnssd.dylib
0x0000000026f58000 	/usr/lib/system/libsystem_info.dylib
0x0000000026f58000 	/usr/lib/system/libsystem_kernel.dylib
0x0000000026f58000 	/usr/lib/system/libsystem_m.dylib
0x0000000026f58000 	/usr/lib/system/libsystem_malloc.dylib
0x0000000026f58000 	/usr/lib/system/libsystem_network.dylib
0x0000000026f58000 	/usr/lib/system/libsystem_networkextension.dylib
0x0000000026f58000 	/usr/lib/system/libsystem_notify.dylib
0x0000000026f58000 	/usr/lib/system/libsystem_platform.dylib
0x0000000026f58000 	/usr/lib/system/libsystem_pthread.dylib
0x0000000026f58000 	/usr/lib/system/libsystem_sandbox.dylib
0x0000000026f58000 	/usr/lib/system/libsystem_secinit.dylib
0x0000000026f58000 	/usr/lib/system/libsystem_symptoms.dylib
0x0000000026f58000 	/usr/lib/system/libsystem_trace.dylib
0x0000000026f58000 	/usr/lib/system/libunwind.dylib
0x0000000026f58000 	/usr/lib/system/libxpc.dylib
0x0000000026f58000 	/usr/lib/libbsm.0.dylib
0x0000000026f58000 	/usr/lib/system/libkxld.dylib
0x0000000026f58000 	/usr/lib/libcoretls.dylib
0x0000000026f58000 	/usr/lib/libcoretls_cfhelpers.dylib
0x0000000026f58000 	/usr/lib/libOpenScriptingUtil.dylib
0x0000000026f58000 	/usr/lib/libpam.2.dylib
0x0000000026f58000 	/usr/lib/libsqlite3.dylib
0x0000000026f58000 	/usr/lib/libxar.1.dylib
0x0000000026f58000 	/usr/lib/libbz2.1.0.dylib
0x0000000026f58000 	/usr/lib/liblzma.5.dylib
0x0000000026f58000 	/usr/lib/libnetwork.dylib
0x0000000026f58000 	/usr/lib/libpcap.A.dylib
0x0000000026f58000 	/System/Library/Frameworks/CoreServices.framework/Versions/A/Frameworks/FSEvents.framework/Versions/A/FSEvents
0x0000000026f58000 	/System/Library/Frameworks/CoreServices.framework/Versions/A/Frameworks/CarbonCore.framework/Versions/A/CarbonCore
0x0000000026f58000 	/System/Library/Frameworks/CoreServices.framework/Versions/A/Frameworks/Metadata.framework/Versions/A/Metadata
0x0000000026f58000 	/System/Library/Frameworks/CoreServices.framework/Versions/A/Frameworks/OSServices.framework/Versions/A/OSServices
0x0000000026f58000 	/System/Library/Frameworks/CoreServices.framework/Versions/A/Frameworks/SearchKit.framework/Versions/A/SearchKit
0x0000000026f58000 	/System/Library/Frameworks/CoreServices.framework/Versions/A/Frameworks/AE.framework/Versions/A/AE
0x0000000026f58000 	/System/Library/Frameworks/CoreServices.framework/Versions/A/Frameworks/LaunchServices.framework/Versions/A/LaunchServices
0x0000000026f58000 	/System/Library/Frameworks/CoreServices.framework/Versions/A/Frameworks/DictionaryServices.framework/Versions/A/DictionaryServices
0x0000000026f58000 	/System/Library/Frameworks/CoreServices.framework/Versions/A/Frameworks/SharedFileList.framework/Versions/A/SharedFileList
0x0000000026f58000 	/System/Library/Frameworks/NetFS.framework/Versions/A/NetFS
0x0000000026f58000 	/System/Library/PrivateFrameworks/NetAuth.framework/Versions/A/NetAuth
0x0000000026f58000 	/System/Library/PrivateFrameworks/login.framework/Versions/A/Frameworks/loginsupport.framework/Versions/A/loginsupport
0x0000000026f58000 	/System/Library/PrivateFrameworks/TCC.framework/Versions/A/TCC
0x0000000026f58000 	/usr/lib/libmecabra.dylib
0x0000000026f58000 	/System/Library/Frameworks/ApplicationServices.framework/Versions/A/Frameworks/ATS.framework/Versions/A/ATS
0x0000000026f58000 	/System/Library/Frameworks/ApplicationServices.framework/Versions/A/Frameworks/ColorSync.framework/Versions/A/ColorSync
0x0000000026f58000 	/System/Library/Frameworks/ApplicationServices.framework/Versions/A/Frameworks/HIServices.framework/Versions/A/HIServices
0x0000000026f58000 	/System/Library/Frameworks/ApplicationServices.framework/Versions/A/Frameworks/LangAnalysis.framework/Versions/A/LangAnalysis
0x0000000026f58000 	/System/Library/Frameworks/ApplicationServices.framework/Versions/A/Frameworks/PrintCore.framework/Versions/A/PrintCore
0x0000000026f58000 	/System/Library/Frameworks/ApplicationServices.framework/Versions/A/Frameworks/QD.framework/Versions/A/QD
0x0000000026f58000 	/System/Library/Frameworks/ApplicationServices.framework/Versions/A/Frameworks/SpeechSynthesis.framework/Versions/A/SpeechSynthesis
0x0000000026f58000 	/System/Library/Frameworks/Accelerate.framework/Versions/A/Frameworks/vImage.framework/Versions/A/vImage
0x0000000026f58000 	/System/Library/Frameworks/Accelerate.framework/Versions/A/Frameworks/vecLib.framework/Versions/A/vecLib
0x0000000026f58000 	/System/Library/Frameworks/Accelerate.framework/Versions/A/Frameworks/vecLib.framework/Versions/A/libvDSP.dylib
0x0000000026f58000 	/System/Library/Frameworks/Accelerate.framework/Versions/A/Frameworks/vecLib.framework/Versions/A/libBNNS.dylib
0x0000000026f58000 	/System/Library/Frameworks/Accelerate.framework/Versions/A/Frameworks/vecLib.framework/Versions/A/libQuadrature.dylib
0x0000000026f58000 	/System/Library/Frameworks/Accelerate.framework/Versions/A/Frameworks/vecLib.framework/Versions/A/libvMisc.dylib
0x0000000026f58000 	/System/Library/Frameworks/Accelerate.framework/Versions/A/Frameworks/vecLib.framework/Versions/A/libLAPACK.dylib
0x0000000026f58000 	/System/Library/Frameworks/Accelerate.framework/Versions/A/Frameworks/vecLib.framework/Versions/A/libBLAS.dylib
0x0000000026f58000 	/System/Library/Frameworks/Accelerate.framework/Versions/A/Frameworks/vecLib.framework/Versions/A/libLinearAlgebra.dylib
0x0000000026f58000 	/System/Library/Frameworks/Accelerate.framework/Versions/A/Frameworks/vecLib.framework/Versions/A/libSparseBLAS.dylib
0x0000000026f58000 	/System/Library/Frameworks/ApplicationServices.framework/Versions/A/Frameworks/ATS.framework/Versions/A/Resources/libFontParser.dylib
0x0000000026f58000 	/System/Library/Frameworks/ApplicationServices.framework/Versions/A/Frameworks/ATS.framework/Versions/A/Resources/libFontRegistry.dylib
0x0000000026f58000 	/System/Library/Frameworks/ImageIO.framework/Versions/A/Resources/libJPEG.dylib
0x0000000026f58000 	/System/Library/Frameworks/ImageIO.framework/Versions/A/Resources/libTIFF.dylib
0x0000000026f58000 	/System/Library/Frameworks/ImageIO.framework/Versions/A/Resources/libPng.dylib
0x0000000026f58000 	/System/Library/Frameworks/ImageIO.framework/Versions/A/Resources/libGIF.dylib
0x0000000026f58000 	/System/Library/Frameworks/ImageIO.framework/Versions/A/Resources/libJP2.dylib
0x0000000026f58000 	/System/Library/Frameworks/ImageIO.framework/Versions/A/Resources/libRadiance.dylib
0x0000000026f58000 	/usr/lib/libcompression.dylib
0x0000000026f58000 	/System/Library/PrivateFrameworks/AppleJPEG.framework/Versions/A/AppleJPEG
0x0000000026f58000 	/usr/lib/libcups.2.dylib
0x0000000026f58000 	/System/Library/Frameworks/Kerberos.framework/Versions/A/Kerberos
0x0000000026f58000 	/System/Library/Frameworks/GSS.framework/Versions/A/GSS
0x0000000026f58000 	/usr/lib/libresolv.9.dylib
0x0000000026f58000 	/usr/lib/libiconv.2.dylib
0x0000000026f58000 	/System/Library/PrivateFrameworks/Heimdal.framework/Versions/A/Heimdal
0x0000000026f58000 	/usr/lib/libheimdal-asn1.dylib
0x0000000026f58000 	/System/Library/Frameworks/OpenDirectory.framework/Versions/A/OpenDirectory
0x0000000026f58000 	/System/Library/PrivateFrameworks/CommonAuth.framework/Versions/A/CommonAuth
0x0000000026f58000 	/System/Library/Frameworks/OpenDirectory.framework/Versions/A/Frameworks/CFOpenDirectory.framework/Versions/A/CFOpenDirectory
0x0000000026f58000 	/System/Library/Frameworks/SecurityFoundation.framework/Versions/A/SecurityFoundation
0x0000000026f58000 	/System/Library/PrivateFrameworks/LanguageModeling.framework/Versions/A/LanguageModeling
0x0000000026f58000 	/usr/lib/libmarisa.dylib
0x0000000026f58000 	/usr/lib/libChineseTokenizer.dylib
0x0000000026f58000 	/usr/lib/libcmph.dylib
0x0000000026f58000 	/System/Library/PrivateFrameworks/CoreEmoji.framework/Versions/A/CoreEmoji
0x0000000026f58000 	/System/Library/Frameworks/ServiceManagement.framework/Versions/A/ServiceManagement
0x0000000026f58000 	/usr/lib/libxslt.1.dylib
0x0000000026f58000 	/System/Library/Frameworks/Carbon.framework/Versions/A/Frameworks/Ink.framework/Versions/A/Ink
0x0000000026f58000 	/System/Library/PrivateFrameworks/TextureIO.framework/Versions/A/TextureIO
0x0000000026f58000 	/System/Library/Frameworks/Metal.framework/Versions/A/Metal
0x0000000026f58000 	/usr/lib/libate.dylib
0x0000000026f58000 	/System/Library/PrivateFrameworks/GPUCompiler.framework/libmetal_timestamp.dylib
0x0000000026f58000 	/System/Library/Frameworks/OpenGL.framework/Versions/A/Libraries/libCoreFSCache.dylib
0x0000000026f58000 	/System/Library/PrivateFrameworks/IOAccelerator.framework/Versions/A/IOAccelerator
0x0000000026f58000 	/System/Library/Frameworks/CoreVideo.framework/Versions/A/CoreVideo
0x0000000026f58000 	/usr/lib/libFosl_dynamic.dylib
0x0000000026f58000 	/System/Library/PrivateFrameworks/MetalPerformanceShaders.framework/Versions/A/MetalPerformanceShaders
0x0000000026f58000 	/System/Library/PrivateFrameworks/FaceCore.framework/Versions/A/FaceCore
0x0000000026f58000 	/System/Library/Frameworks/OpenCL.framework/Versions/A/OpenCL
0x0000000026f58000 	/System/Library/Frameworks/OpenGL.framework/Versions/A/Libraries/libGLU.dylib
0x0000000026f58000 	/System/Library/Frameworks/OpenGL.framework/Versions/A/Libraries/libGFXShared.dylib
0x0000000026f58000 	/System/Library/Frameworks/OpenGL.framework/Versions/A/Libraries/libGL.dylib
0x0000000026f58000 	/System/Library/Frameworks/OpenGL.framework/Versions/A/Libraries/libGLImage.dylib
0x0000000026f58000 	/System/Library/Frameworks/OpenGL.framework/Versions/A/Libraries/libCVMSPluginSupport.dylib
0x0000000026f58000 	/System/Library/Frameworks/OpenGL.framework/Versions/A/Libraries/libCoreVMClient.dylib
0x0000000026f58000 	/System/Library/PrivateFrameworks/CrashReporterSupport.framework/Versions/A/CrashReporterSupport
0x0000000026f58000 	/System/Library/PrivateFrameworks/Sharing.framework/Versions/A/Sharing
0x0000000026f58000 	/System/Library/PrivateFrameworks/IconServices.framework/Versions/A/IconServices
0x0000000026f58000 	/System/Library/PrivateFrameworks/ProtocolBuffer.framework/Versions/A/ProtocolBuffer
0x0000000026f58000 	/System/Library/PrivateFrameworks/Apple80211.framework/Versions/A/Apple80211
0x0000000026f58000 	/System/Library/Frameworks/CoreWLAN.framework/Versions/A/CoreWLAN
0x0000000026f58000 	/System/Library/PrivateFrameworks/CoreUtils.framework/Versions/A/CoreUtils
0x0000000026f58000 	/System/Library/Frameworks/IOBluetooth.framework/Versions/A/IOBluetooth
0x0000000026f58000 	/System/Library/PrivateFrameworks/CoreWiFi.framework/Versions/A/CoreWiFi
0x0000000026f58000 	/System/Library/Frameworks/CoreBluetooth.framework/Versions/A/CoreBluetooth
0x0000000026f58000 	/System/Library/Frameworks/CoreDisplay.framework/Versions/A/CoreDisplay
0x0000000026f58000 	/System/Library/PrivateFrameworks/IOPresentment.framework/Versions/A/IOPresentment
0x0000000026f58000 	/System/Library/PrivateFrameworks/DSExternalDisplay.framework/Versions/A/DSExternalDisplay
0x0000000026f58000 	/System/Library/PrivateFrameworks/DebugSymbols.framework/Versions/A/DebugSymbols
0x0000000026f58000 	/System/Library/PrivateFrameworks/CoreSymbolication.framework/Versions/A/CoreSymbolication
0x0000000026f58000 	/System/Library/PrivateFrameworks/Symbolication.framework/Versions/A/Symbolication
0x0000000026f58000 	/System/Library/PrivateFrameworks/AppleFSCompression.framework/Versions/A/AppleFSCompression
0x0000000026f58000 	/System/Library/PrivateFrameworks/SpeechRecognitionCore.framework/Versions/A/SpeechRecognitionCore
0x0000000026f58000 	/System/Library/PrivateFrameworks/ChunkingLibrary.framework/Versions/A/ChunkingLibrary
0x000000010cdfc000 	/Library/Java/JavaVirtualMachines/jdk1.8.0_131.jdk/Contents/Home/jre/lib/server/libjvm.dylib
0x0000000026f58000 	/usr/lib/libstdc++.6.dylib
0x000000010dd9f000 	/Library/Java/JavaVirtualMachines/jdk1.8.0_131.jdk/Contents/Home/jre/lib/libverify.dylib
0x000000010ddad000 	/Library/Java/JavaVirtualMachines/jdk1.8.0_131.jdk/Contents/Home/jre/lib/libjava.dylib
0x000000010dde3000 	/Library/Java/JavaVirtualMachines/jdk1.8.0_131.jdk/Contents/Home/jre/lib/libinstrument.dylib
0x000000010de41000 	/Library/Java/JavaVirtualMachines/jdk1.8.0_131.jdk/Contents/Home/jre/lib/libzip.dylib
0x000000011195c000 	/System/Library/Frameworks/JavaVM.framework/Frameworks/JavaRuntimeSupport.framework/JavaRuntimeSupport
0x0000000111976000 	/System/Library/Frameworks/JavaVM.framework/Versions/A/Frameworks/JavaNativeFoundation.framework/Versions/A/JavaNativeFoundation
0x000000011198b000 	/System/Library/Frameworks/JavaVM.framework/Versions/A/JavaVM
0x0000000026f58000 	/System/Library/Frameworks/Carbon.framework/Versions/A/Carbon
0x0000000111998000 	/System/Library/PrivateFrameworks/JavaLaunching.framework/Versions/A/JavaLaunching
0x0000000026f58000 	/System/Library/Frameworks/Carbon.framework/Versions/A/Frameworks/CommonPanels.framework/Versions/A/CommonPanels
0x0000000026f58000 	/System/Library/Frameworks/Carbon.framework/Versions/A/Frameworks/Help.framework/Versions/A/Help
0x0000000026f58000 	/System/Library/Frameworks/Carbon.framework/Versions/A/Frameworks/ImageCapture.framework/Versions/A/ImageCapture
0x0000000026f58000 	/System/Library/Frameworks/Carbon.framework/Versions/A/Frameworks/OpenScripting.framework/Versions/A/OpenScripting
0x0000000026f58000 	/System/Library/Frameworks/Carbon.framework/Versions/A/Frameworks/Print.framework/Versions/A/Print
0x0000000026f58000 	/System/Library/Frameworks/Carbon.framework/Versions/A/Frameworks/SecurityHI.framework/Versions/A/SecurityHI
0x000000012a814000 	/Library/Java/JavaVirtualMachines/jdk1.8.0_131.jdk/Contents/Home/jre/lib/libnet.dylib
0x000000012ab0a000 	/Library/Java/JavaVirtualMachines/jdk1.8.0_131.jdk/Contents/Home/jre/lib/libmanagement.dylib
0x000000012ab1d000 	/Library/Java/JavaVirtualMachines/jdk1.8.0_131.jdk/Contents/Home/jre/lib/libnio.dylib

VM Arguments:
jvm_args: -javaagent:/Applications/IntelliJ IDEA CE.app/Contents/lib/idea_rt.jar=49559:/Applications/IntelliJ IDEA CE.app/Contents/bin -Dfile.encoding=UTF-8 
java_command: com.ronone.Application
java_class_path (initial): /Library/Java/JavaVirtualMachines/jdk1.8.0_131.jdk/Contents/Home/jre/lib/charsets.jar:/Library/Java/JavaVirtualMachines/jdk1.8.0_131.jdk/Contents/Home/jre/lib/deploy.jar:/Library/Java/JavaVirtualMachines/jdk1.8.0_131.jdk/Contents/Home/jre/lib/ext/cldrdata.jar:/Library/Java/JavaVirtualMachines/jdk1.8.0_131.jdk/Contents/Home/jre/lib/ext/dnsns.jar:/Library/Java/JavaVirtualMachines/jdk1.8.0_131.jdk/Contents/Home/jre/lib/ext/jaccess.jar:/Library/Java/JavaVirtualMachines/jdk1.8.0_131.jdk/Contents/Home/jre/lib/ext/jfxrt.jar:/Library/Java/JavaVirtualMachines/jdk1.8.0_131.jdk/Contents/Home/jre/lib/ext/localedata.jar:/Library/Java/JavaVirtualMachines/jdk1.8.0_131.jdk/Contents/Home/jre/lib/ext/nashorn.jar:/Library/Java/JavaVirtualMachines/jdk1.8.0_131.jdk/Contents/Home/jre/lib/ext/sunec.jar:/Library/Java/JavaVirtualMachines/jdk1.8.0_131.jdk/Contents/Home/jre/lib/ext/sunjce_provider.jar:/Library/Java/JavaVirtualMachines/jdk1.8.0_131.jdk/Contents/Home/jre/lib/ext/sunpkcs11.jar:/Library/Java/JavaVirtualMachines/jdk1.8.0_131.jdk/Contents/Home/jre/lib/ext/zipfs.jar:/Library/Java/JavaVirtualMachines/jdk1.8.0_131.jdk/Contents/Home/jre/lib/javaws.jar:/Library/Java/JavaVirtualMachines/jdk1.8.0_131.jdk/Contents/Home/jre/lib/jce.jar:/Library/Java/JavaVirtualMachines/jdk1.8.0_131.jdk/Contents/Home/jre/lib/jfr.jar:/Library/Java/JavaVirtualMachines/jdk1.8.0_131.jdk/Contents/Home/jre/lib/jfxswt.jar:/Library/Java/JavaVirtualMachines/jdk1.8.0_131.jdk/Contents/Home/jre/lib/jsse.jar:/Library/Java/JavaVirtualMachines/jdk1.8.0_131.jdk/Contents/Home/jre/lib/management-agent.jar:/Library/Java/JavaVirtualMachines/jdk1.8.0_131.jdk/Contents/Home/jre/lib/plugin.jar:/Library/Java/JavaVirtualMachines/jdk1.8.0_131.jdk/Contents/Home/jre/lib/resources.jar:/Library/Java/JavaVirtualMachines/jdk1.8.0_131.jdk/Contents/Home/jre/lib/rt.jar:/Library/Java/JavaVirtualMachines/jdk1.8.0_131.jdk/Contents/Home/lib/ant-javafx.jar:/Library/Java/JavaVirtualMachines/jdk1.8.0_131.jdk/Contents/Home
Launcher Type: SUN_STANDARD

Environment Variables:
PATH=/usr/local/bin:/usr/bin:/bin:/usr/sbin:/sbin
SHELL=/bin/bash

Signal Handlers:
SIGSEGV: [libjvm.dylib+0x5b1eb1], sa_mask[0]=11111111011111110111111111111111, sa_flags=SA_ONSTACK|SA_RESTART|SA_SIGINFO
SIGBUS: [libjvm.dylib+0x5b1eb1], sa_mask[0]=11111111011111110111111111111111, sa_flags=SA_RESTART|SA_SIGINFO
SIGFPE: [libjvm.dylib+0x488988], sa_mask[0]=11111111011111110111111111111111, sa_flags=SA_RESTART|SA_SIGINFO
SIGPIPE: [libjvm.dylib+0x488988], sa_mask[0]=11111111011111110111111111111111, sa_flags=SA_RESTART|SA_SIGINFO
SIGXFSZ: [libjvm.dylib+0x488988], sa_mask[0]=11111111011111110111111111111111, sa_flags=SA_RESTART|SA_SIGINFO
SIGILL: [libjvm.dylib+0x488988], sa_mask[0]=11111111011111110111111111111111, sa_flags=SA_RESTART|SA_SIGINFO
SIGUSR1: SIG_DFL, sa_mask[0]=00000000000000000000000000000000, sa_flags=none
SIGUSR2: [libjvm.dylib+0x4884a6], sa_mask[0]=00100000000000000000000000000000, sa_flags=SA_RESTART|SA_SIGINFO
SIGHUP: [libjvm.dylib+0x486a7d], sa_mask[0]=11111111011111110111111111111111, sa_flags=SA_RESTART|SA_SIGINFO
SIGINT: [libjvm.dylib+0x486a7d], sa_mask[0]=11111111011111110111111111111111, sa_flags=SA_RESTART|SA_SIGINFO
SIGTERM: [libjvm.dylib+0x486a7d], sa_mask[0]=11111111011111110111111111111111, sa_flags=SA_RESTART|SA_SIGINFO
SIGQUIT: [libjvm.dylib+0x486a7d], sa_mask[0]=11111111011111110111111111111111, sa_flags=SA_RESTART|SA_SIGINFO


---------------  S Y S T E M  ---------------

OS:Bsduname:Darwin 16.5.0 Darwin Kernel Version 16.5.0: Fri Mar  3 16:52:33 PST 2017; root:xnu-3789.51.2~3/RELEASE_X86_64 x86_64
rlimit: STACK 8192k, CORE 0k, NPROC 709, NOFILE 10240, AS infinity
load average:3.84 5.76 4.15

CPU:total 4 (initial active 4) (2 cores per cpu, 2 threads per core) family 6 model 58 stepping 9, cmov, cx8, fxsr, mmx, sse, sse2, sse3, ssse3, sse4.1, sse4.2, popcnt, avx, aes, clmul, erms, ht, tsc, tscinvbit, tscinv

Memory: 4k page, physical 16777216k(3758416k free)

/proc/meminfo:


vm_info: Java HotSpot(TM) 64-Bit Server VM (25.131-b11) for bsd-amd64 JRE (1.8.0_131-b11), built on Mar 15 2017 01:32:22 by "java_re" with gcc 4.2.1 (Based on Apple Inc. build 5658) (LLVM build 2336.11.00)

time: Tue Jun  6 06:09:49 2017
elapsed time: 14 seconds (0d 0h 0m 14s)

